0 info it worked if it ends with ok
1 verbose cli [ '/usr/local/bin/node', '/usr/local/bin/npm', 'i', '-S', 'pg' ]
2 info using npm@3.9.5
3 info using node@v6.2.2
4 silly loadCurrentTree Starting
5 silly install loadCurrentTree
6 silly install readLocalPackageData
7 silly fetchPackageMetaData pg@^5.2.0
8 silly fetchNamedPackageData pg
9 silly mapToRegistry name pg
10 silly mapToRegistry using default registry
11 silly mapToRegistry registry https://registry.npmjs.org/
12 silly mapToRegistry data Result {
12 silly mapToRegistry   raw: 'pg',
12 silly mapToRegistry   scope: null,
12 silly mapToRegistry   name: 'pg',
12 silly mapToRegistry   rawSpec: '',
12 silly mapToRegistry   spec: 'latest',
12 silly mapToRegistry   type: 'tag' }
13 silly mapToRegistry uri https://registry.npmjs.org/pg
14 verbose request uri https://registry.npmjs.org/pg
15 verbose request no auth needed
16 info attempt registry request try #1 at 10:58:33 AM
17 verbose request id 466443effe5d7005
18 verbose etag "F30BRF8VJT400NADWX59630I7"
19 http request GET https://registry.npmjs.org/pg
20 http 304 https://registry.npmjs.org/pg
21 verbose headers { date: 'Thu, 23 Jun 2016 17:58:31 GMT',
21 verbose headers   via: '1.1 varnish',
21 verbose headers   'cache-control': 'max-age=300',
21 verbose headers   etag: '"F30BRF8VJT400NADWX59630I7"',
21 verbose headers   age: '160',
21 verbose headers   connection: 'keep-alive',
21 verbose headers   'x-served-by': 'cache-lax1427-LAX',
21 verbose headers   'x-cache': 'HIT',
21 verbose headers   'x-cache-hits': '279',
21 verbose headers   'x-timer': 'S1466704711.919357,VS0,VE0',
21 verbose headers   vary: 'Accept-Encoding' }
22 silly get cb [ 304,
22 silly get   { date: 'Thu, 23 Jun 2016 17:58:31 GMT',
22 silly get     via: '1.1 varnish',
22 silly get     'cache-control': 'max-age=300',
22 silly get     etag: '"F30BRF8VJT400NADWX59630I7"',
22 silly get     age: '160',
22 silly get     connection: 'keep-alive',
22 silly get     'x-served-by': 'cache-lax1427-LAX',
22 silly get     'x-cache': 'HIT',
22 silly get     'x-cache-hits': '279',
22 silly get     'x-timer': 'S1466704711.919357,VS0,VE0',
22 silly get     vary: 'Accept-Encoding' } ]
23 verbose etag https://registry.npmjs.org/pg from cache
24 verbose get saving pg to /Users/jonas/.npm/registry.npmjs.org/pg/.cache.json
25 verbose correctMkdir /Users/jonas/.npm correctMkdir not in flight; initializing
26 silly fetchNamedPackageData No valid target from cache, forcing network
27 verbose request uri https://registry.npmjs.org/pg
28 verbose request no auth needed
29 info attempt registry request try #1 at 10:58:34 AM
30 http request GET https://registry.npmjs.org/pg
31 http 200 https://registry.npmjs.org/pg
32 verbose headers { server: 'CouchDB/1.5.0 (Erlang OTP/R16B03)',
32 verbose headers   etag: '"F30BRF8VJT400NADWX59630I7"',
32 verbose headers   'content-type': 'application/json',
32 verbose headers   'content-encoding': 'gzip',
32 verbose headers   'cache-control': 'max-age=300',
32 verbose headers   'content-length': '18980',
32 verbose headers   'accept-ranges': 'bytes',
32 verbose headers   date: 'Thu, 23 Jun 2016 17:58:31 GMT',
32 verbose headers   via: '1.1 varnish',
32 verbose headers   age: '160',
32 verbose headers   connection: 'keep-alive',
32 verbose headers   'x-served-by': 'cache-lax1427-LAX',
32 verbose headers   'x-cache': 'HIT',
32 verbose headers   'x-cache-hits': '280',
32 verbose headers   'x-timer': 'S1466704711.967295,VS0,VE0',
32 verbose headers   vary: 'Accept-Encoding' }
33 silly get cb [ 200,
33 silly get   { server: 'CouchDB/1.5.0 (Erlang OTP/R16B03)',
33 silly get     etag: '"F30BRF8VJT400NADWX59630I7"',
33 silly get     'content-type': 'application/json',
33 silly get     'content-encoding': 'gzip',
33 silly get     'cache-control': 'max-age=300',
33 silly get     'content-length': '18980',
33 silly get     'accept-ranges': 'bytes',
33 silly get     date: 'Thu, 23 Jun 2016 17:58:31 GMT',
33 silly get     via: '1.1 varnish',
33 silly get     age: '160',
33 silly get     connection: 'keep-alive',
33 silly get     'x-served-by': 'cache-lax1427-LAX',
33 silly get     'x-cache': 'HIT',
33 silly get     'x-cache-hits': '280',
33 silly get     'x-timer': 'S1466704711.967295,VS0,VE0',
33 silly get     vary: 'Accept-Encoding' } ]
34 verbose get saving pg to /Users/jonas/.npm/registry.npmjs.org/pg/.cache.json
35 verbose correctMkdir /Users/jonas/.npm correctMkdir not in flight; initializing
36 silly fetchPackageMetaData Error: No compatible version found: pg@^5.2.0
36 silly fetchPackageMetaData Valid install targets:
36 silly fetchPackageMetaData 6.0.0, 5.1.0, 5.0.0, 4.5.6, 4.5.5, 4.5.4, 4.5.3, 4.5.2, 4.5.1, 4.5.0, 4.4.6, 4.4.5, 4.4.4, 4.4.3, 4.4.2, 4.4.1, 4.4.0, 4.3.0, 4.2.0, 4.1.1, 4.1.0, 4.0.0, 4.0.0-beta2, 3.6.3, 3.6.2, 3.6.1, 3.6.0, 3.5.0, 3.4.5, 3.4.4, 3.4.3, 3.4.2, 3.4.1, 3.4.0, 3.3.0, 3.2.0, 3.1.0, 3.0.3, 3.0.2, 2.11.1, 2.11.0, 2.10.0, 2.9.0, 2.8.5, 2.8.4, 2.8.3, 2.8.2, 2.8.1, 2.8.0, 2.7.0, 2.6.2, 2.6.1, 2.6.0, 2.5.1, 2.5.0, 2.4.0, 2.3.1, 2.3.0, 2.2.0, 2.1.0, 2.0.0, 1.3.0, 1.2.0, 1.1.3, 1.1.2, 1.1.1, 1.1.0, 1.0.4, 1.0.3, 1.0.2, 1.0.1, 1.0.0, 0.15.1, 0.15.0, 0.14.1, 0.14.0, 0.13.3, 0.13.1, 0.13.0, 0.12.3, 0.12.1, 0.12.0, 0.11.3, 0.11.2, 0.11.1, 0.10.2, 0.10.0, 0.9.0, 0.8.8, 0.8.7, 0.8.6, 0.8.4, 0.8.3, 0.8.2, 0.8.1, 0.8.0, 0.7.2, 0.7.1, 0.7.0, 0.6.18, 0.6.17, 0.6.16, 0.6.15, 0.6.14, 0.6.13, 0.6.12, 0.6.11, 0.6.10, 0.6.9, 0.6.8, 0.6.7, 0.6.6, 0.6.5, 0.6.4, 0.6.3, 0.6.2, 0.6.1, 0.6.0, 0.5.8, 0.5.7, 0.5.6, 0.5.5, 0.5.4, 0.5.3, 0.5.2, 0.5.1, 0.5.0, 0.4.1
36 silly fetchPackageMetaData
36 silly fetchPackageMetaData     at pickVersionFromRegistryDocument (/usr/local/lib/node_modules/npm/lib/fetch-package-metadata.js:170:16)
36 silly fetchPackageMetaData     at /usr/local/lib/node_modules/npm/node_modules/iferr/index.js:13:50
36 silly fetchPackageMetaData     at /usr/local/lib/node_modules/npm/lib/utils/pulse-till-done.js:19:8
36 silly fetchPackageMetaData     at saved (/usr/local/lib/node_modules/npm/lib/cache/caching-client.js:174:7)
36 silly fetchPackageMetaData     at /usr/local/lib/node_modules/npm/node_modules/graceful-fs/polyfills.js:210:7
36 silly fetchPackageMetaData     at FSReqWrap.oncomplete (fs.js:117:15)
36 silly fetchPackageMetaData  error for pg@^5.2.0 Error: No compatible version found: pg@^5.2.0
36 silly fetchPackageMetaData Valid install targets:
36 silly fetchPackageMetaData 6.0.0, 5.1.0, 5.0.0, 4.5.6, 4.5.5, 4.5.4, 4.5.3, 4.5.2, 4.5.1, 4.5.0, 4.4.6, 4.4.5, 4.4.4, 4.4.3, 4.4.2, 4.4.1, 4.4.0, 4.3.0, 4.2.0, 4.1.1, 4.1.0, 4.0.0, 4.0.0-beta2, 3.6.3, 3.6.2, 3.6.1, 3.6.0, 3.5.0, 3.4.5, 3.4.4, 3.4.3, 3.4.2, 3.4.1, 3.4.0, 3.3.0, 3.2.0, 3.1.0, 3.0.3, 3.0.2, 2.11.1, 2.11.0, 2.10.0, 2.9.0, 2.8.5, 2.8.4, 2.8.3, 2.8.2, 2.8.1, 2.8.0, 2.7.0, 2.6.2, 2.6.1, 2.6.0, 2.5.1, 2.5.0, 2.4.0, 2.3.1, 2.3.0, 2.2.0, 2.1.0, 2.0.0, 1.3.0, 1.2.0, 1.1.3, 1.1.2, 1.1.1, 1.1.0, 1.0.4, 1.0.3, 1.0.2, 1.0.1, 1.0.0, 0.15.1, 0.15.0, 0.14.1, 0.14.0, 0.13.3, 0.13.1, 0.13.0, 0.12.3, 0.12.1, 0.12.0, 0.11.3, 0.11.2, 0.11.1, 0.10.2, 0.10.0, 0.9.0, 0.8.8, 0.8.7, 0.8.6, 0.8.4, 0.8.3, 0.8.2, 0.8.1, 0.8.0, 0.7.2, 0.7.1, 0.7.0, 0.6.18, 0.6.17, 0.6.16, 0.6.15, 0.6.14, 0.6.13, 0.6.12, 0.6.11, 0.6.10, 0.6.9, 0.6.8, 0.6.7, 0.6.6, 0.6.5, 0.6.4, 0.6.3, 0.6.2, 0.6.1, 0.6.0, 0.5.8, 0.5.7, 0.5.6, 0.5.5, 0.5.4, 0.5.3, 0.5.2, 0.5.1, 0.5.0, 0.4.1
36 silly fetchPackageMetaData
36 silly fetchPackageMetaData     at pickVersionFromRegistryDocument (/usr/local/lib/node_modules/npm/lib/fetch-package-metadata.js:170:16)
36 silly fetchPackageMetaData     at /usr/local/lib/node_modules/npm/node_modules/iferr/index.js:13:50
36 silly fetchPackageMetaData     at /usr/local/lib/node_modules/npm/lib/utils/pulse-till-done.js:19:8
36 silly fetchPackageMetaData     at saved (/usr/local/lib/node_modules/npm/lib/cache/caching-client.js:174:7)
36 silly fetchPackageMetaData     at /usr/local/lib/node_modules/npm/node_modules/graceful-fs/polyfills.js:210:7
36 silly fetchPackageMetaData     at FSReqWrap.oncomplete (fs.js:117:15)
37 silly rollbackFailedOptional Starting
38 silly rollbackFailedOptional Finishing
39 silly runTopLevelLifecycles Starting
40 silly runTopLevelLifecycles Finishing
41 silly install printInstalled
42 verbose stack Error: No compatible version found: pg@^5.2.0
42 verbose stack Valid install targets:
42 verbose stack 6.0.0, 5.1.0, 5.0.0, 4.5.6, 4.5.5, 4.5.4, 4.5.3, 4.5.2, 4.5.1, 4.5.0, 4.4.6, 4.4.5, 4.4.4, 4.4.3, 4.4.2, 4.4.1, 4.4.0, 4.3.0, 4.2.0, 4.1.1, 4.1.0, 4.0.0, 4.0.0-beta2, 3.6.3, 3.6.2, 3.6.1, 3.6.0, 3.5.0, 3.4.5, 3.4.4, 3.4.3, 3.4.2, 3.4.1, 3.4.0, 3.3.0, 3.2.0, 3.1.0, 3.0.3, 3.0.2, 2.11.1, 2.11.0, 2.10.0, 2.9.0, 2.8.5, 2.8.4, 2.8.3, 2.8.2, 2.8.1, 2.8.0, 2.7.0, 2.6.2, 2.6.1, 2.6.0, 2.5.1, 2.5.0, 2.4.0, 2.3.1, 2.3.0, 2.2.0, 2.1.0, 2.0.0, 1.3.0, 1.2.0, 1.1.3, 1.1.2, 1.1.1, 1.1.0, 1.0.4, 1.0.3, 1.0.2, 1.0.1, 1.0.0, 0.15.1, 0.15.0, 0.14.1, 0.14.0, 0.13.3, 0.13.1, 0.13.0, 0.12.3, 0.12.1, 0.12.0, 0.11.3, 0.11.2, 0.11.1, 0.10.2, 0.10.0, 0.9.0, 0.8.8, 0.8.7, 0.8.6, 0.8.4, 0.8.3, 0.8.2, 0.8.1, 0.8.0, 0.7.2, 0.7.1, 0.7.0, 0.6.18, 0.6.17, 0.6.16, 0.6.15, 0.6.14, 0.6.13, 0.6.12, 0.6.11, 0.6.10, 0.6.9, 0.6.8, 0.6.7, 0.6.6, 0.6.5, 0.6.4, 0.6.3, 0.6.2, 0.6.1, 0.6.0, 0.5.8, 0.5.7, 0.5.6, 0.5.5, 0.5.4, 0.5.3, 0.5.2, 0.5.1, 0.5.0, 0.4.1
42 verbose stack
42 verbose stack     at pickVersionFromRegistryDocument (/usr/local/lib/node_modules/npm/lib/fetch-package-metadata.js:170:16)
42 verbose stack     at /usr/local/lib/node_modules/npm/node_modules/iferr/index.js:13:50
42 verbose stack     at /usr/local/lib/node_modules/npm/lib/utils/pulse-till-done.js:19:8
42 verbose stack     at saved (/usr/local/lib/node_modules/npm/lib/cache/caching-client.js:174:7)
42 verbose stack     at /usr/local/lib/node_modules/npm/node_modules/graceful-fs/polyfills.js:210:7
42 verbose stack     at FSReqWrap.oncomplete (fs.js:117:15)
43 verbose cwd /Users/jonas/Dropbox/Max's Folder/Github/AthenaAnnotate
44 error Darwin 15.4.0
45 error argv "/usr/local/bin/node" "/usr/local/bin/npm" "i" "-S" "pg"
46 error node v6.2.2
47 error npm  v3.9.5
48 error No compatible version found: pg@^5.2.0
48 error Valid install targets:
48 error 6.0.0, 5.1.0, 5.0.0, 4.5.6, 4.5.5, 4.5.4, 4.5.3, 4.5.2, 4.5.1, 4.5.0, 4.4.6, 4.4.5, 4.4.4, 4.4.3, 4.4.2, 4.4.1, 4.4.0, 4.3.0, 4.2.0, 4.1.1, 4.1.0, 4.0.0, 4.0.0-beta2, 3.6.3, 3.6.2, 3.6.1, 3.6.0, 3.5.0, 3.4.5, 3.4.4, 3.4.3, 3.4.2, 3.4.1, 3.4.0, 3.3.0, 3.2.0, 3.1.0, 3.0.3, 3.0.2, 2.11.1, 2.11.0, 2.10.0, 2.9.0, 2.8.5, 2.8.4, 2.8.3, 2.8.2, 2.8.1, 2.8.0, 2.7.0, 2.6.2, 2.6.1, 2.6.0, 2.5.1, 2.5.0, 2.4.0, 2.3.1, 2.3.0, 2.2.0, 2.1.0, 2.0.0, 1.3.0, 1.2.0, 1.1.3, 1.1.2, 1.1.1, 1.1.0, 1.0.4, 1.0.3, 1.0.2, 1.0.1, 1.0.0, 0.15.1, 0.15.0, 0.14.1, 0.14.0, 0.13.3, 0.13.1, 0.13.0, 0.12.3, 0.12.1, 0.12.0, 0.11.3, 0.11.2, 0.11.1, 0.10.2, 0.10.0, 0.9.0, 0.8.8, 0.8.7, 0.8.6, 0.8.4, 0.8.3, 0.8.2, 0.8.1, 0.8.0, 0.7.2, 0.7.1, 0.7.0, 0.6.18, 0.6.17, 0.6.16, 0.6.15, 0.6.14, 0.6.13, 0.6.12, 0.6.11, 0.6.10, 0.6.9, 0.6.8, 0.6.7, 0.6.6, 0.6.5, 0.6.4, 0.6.3, 0.6.2, 0.6.1, 0.6.0, 0.5.8, 0.5.7, 0.5.6, 0.5.5, 0.5.4, 0.5.3, 0.5.2, 0.5.1, 0.5.0, 0.4.1
49 error If you need help, you may report this error at:
49 error     <https://github.com/npm/npm/issues>
50 verbose exit [ 1, true ]
