0 info it worked if it ends with ok
1 verbose cli [ '/usr/local/bin/node', '/usr/local/bin/npm', 'run', 'mocha' ]
2 info using npm@3.9.5
3 info using node@v6.2.2
4 verbose run-script [ 'premocha', 'mocha', 'postmocha' ]
5 info lifecycle AthenaAnnotate@0.0.1~premocha: AthenaAnnotate@0.0.1
6 silly lifecycle AthenaAnnotate@0.0.1~premocha: no script for premocha, continuing
7 info lifecycle AthenaAnnotate@0.0.1~mocha: AthenaAnnotate@0.0.1
8 verbose lifecycle AthenaAnnotate@0.0.1~mocha: unsafe-perm in lifecycle true
9 verbose lifecycle AthenaAnnotate@0.0.1~mocha: PATH: /usr/local/lib/node_modules/npm/bin/node-gyp-bin:/Users/jonas/Dropbox/Max's Folder/Github/AthenaAnnotate/node_modules/.bin:/usr/local/bin:/usr/local/bin:/usr/bin:/bin:/usr/sbin:/sbin:/Applications/Postgres.app/Contents/Versions/latest/bin
10 verbose lifecycle AthenaAnnotate@0.0.1~mocha: CWD: /Users/jonas/Dropbox/Max's Folder/Github/AthenaAnnotate
11 silly lifecycle AthenaAnnotate@0.0.1~mocha: Args: [ '-c',
11 silly lifecycle   'mocha --compilers js:babel-register --bail --recursive ./specs' ]
12 silly lifecycle AthenaAnnotate@0.0.1~mocha: Returned: code: 1  signal: null
13 info lifecycle AthenaAnnotate@0.0.1~mocha: Failed to exec mocha script
14 verbose stack Error: AthenaAnnotate@0.0.1 mocha: `mocha --compilers js:babel-register --bail --recursive ./specs`
14 verbose stack Exit status 1
14 verbose stack     at EventEmitter.<anonymous> (/usr/local/lib/node_modules/npm/lib/utils/lifecycle.js:245:16)
14 verbose stack     at emitTwo (events.js:106:13)
14 verbose stack     at EventEmitter.emit (events.js:191:7)
14 verbose stack     at ChildProcess.<anonymous> (/usr/local/lib/node_modules/npm/lib/utils/spawn.js:24:14)
14 verbose stack     at emitTwo (events.js:106:13)
14 verbose stack     at ChildProcess.emit (events.js:191:7)
14 verbose stack     at maybeClose (internal/child_process.js:852:16)
14 verbose stack     at Process.ChildProcess._handle.onexit (internal/child_process.js:215:5)
15 verbose pkgid AthenaAnnotate@0.0.1
16 verbose cwd /Users/jonas/Dropbox/Max's Folder/Github/AthenaAnnotate/specs/athena
17 error Darwin 15.5.0
18 error argv "/usr/local/bin/node" "/usr/local/bin/npm" "run" "mocha"
19 error node v6.2.2
20 error npm  v3.9.5
21 error code ELIFECYCLE
22 error AthenaAnnotate@0.0.1 mocha: `mocha --compilers js:babel-register --bail --recursive ./specs`
22 error Exit status 1
23 error Failed at the AthenaAnnotate@0.0.1 mocha script 'mocha --compilers js:babel-register --bail --recursive ./specs'.
23 error Make sure you have the latest version of node.js and npm installed.
23 error If you do, this is most likely a problem with the AthenaAnnotate package,
23 error not with npm itself.
23 error Tell the author that this fails on your system:
23 error     mocha --compilers js:babel-register --bail --recursive ./specs
23 error You can get information on how to open an issue for this project with:
23 error     npm bugs AthenaAnnotate
23 error Or if that isn't available, you can get their info via:
23 error     npm owner ls AthenaAnnotate
23 error There is likely additional logging output above.
24 verbose exit [ 1, true ]
